f:\uni\year 2\semester 1\software engineering\assignment\sdl_game_framework\boltonuniversitysoftwareengineeringassignment\sdl_game_framework\release\vc120.pdb
f:\uni\year 2\semester 1\software engineering\assignment\sdl_game_framework\boltonuniversitysoftwareengineeringassignment\sdl_game_framework\release\testreporterstdout.obj
f:\uni\year 2\semester 1\software engineering\assignment\sdl_game_framework\boltonuniversitysoftwareengineeringassignment\sdl_game_framework\release\testreporter.obj
f:\uni\year 2\semester 1\software engineering\assignment\sdl_game_framework\boltonuniversitysoftwareengineeringassignment\sdl_game_framework\release\testlist.obj
f:\uni\year 2\semester 1\software engineering\assignment\sdl_game_framework\boltonuniversitysoftwareengineeringassignment\sdl_game_framework\release\testdetails.obj
f:\uni\year 2\semester 1\software engineering\assignment\sdl_game_framework\boltonuniversitysoftwareengineeringassignment\sdl_game_framework\release\test.obj
f:\uni\year 2\semester 1\software engineering\assignment\sdl_game_framework\boltonuniversitysoftwareengineeringassignment\sdl_game_framework\release\reportassert.obj
f:\uni\year 2\semester 1\software engineering\assignment\sdl_game_framework\boltonuniversitysoftwareengineeringassignment\sdl_game_framework\release\memoryoutstream.obj
f:\uni\year 2\semester 1\software engineering\assignment\sdl_game_framework\boltonuniversitysoftwareengineeringassignment\sdl_game_framework\release\deferredtestresult.obj
f:\uni\year 2\semester 1\software engineering\assignment\sdl_game_framework\boltonuniversitysoftwareengineeringassignment\sdl_game_framework\release\deferredtestreporter.obj
f:\uni\year 2\semester 1\software engineering\assignment\sdl_game_framework\boltonuniversitysoftwareengineeringassignment\sdl_game_framework\release\currenttest.obj
f:\uni\year 2\semester 1\software engineering\assignment\sdl_game_framework\boltonuniversitysoftwareengineeringassignment\sdl_game_framework\release\checks.obj
f:\uni\year 2\semester 1\software engineering\assignment\sdl_game_framework\boltonuniversitysoftwareengineeringassignment\sdl_game_framework\release\assertexception.obj
f:\uni\year 2\semester 1\software engineering\assignment\sdl_game_framework\boltonuniversitysoftwareengineeringassignment\sdl_game_framework\release\gamebase.obj
f:\uni\year 2\semester 1\software engineering\assignment\sdl_game_framework\boltonuniversitysoftwareengineeringassignment\sdl_game_framework\release\awsprite.obj
f:\uni\year 2\semester 1\software engineering\assignment\sdl_game_framework\boltonuniversitysoftwareengineeringassignment\sdl_game_framework\release\audiomanager.obj
f:\uni\year 2\semester 1\software engineering\assignment\sdl_game_framework\boltonuniversitysoftwareengineeringassignment\sdl_game_framework\release\weapon.obj
f:\uni\year 2\semester 1\software engineering\assignment\sdl_game_framework\boltonuniversitysoftwareengineeringassignment\sdl_game_framework\release\xmltestreporter.obj
f:\uni\year 2\semester 1\software engineering\assignment\sdl_game_framework\boltonuniversitysoftwareengineeringassignment\sdl_game_framework\release\timehelpers.obj
f:\uni\year 2\semester 1\software engineering\assignment\sdl_game_framework\boltonuniversitysoftwareengineeringassignment\sdl_game_framework\release\timeconstraint.obj
f:\uni\year 2\semester 1\software engineering\assignment\sdl_game_framework\boltonuniversitysoftwareengineeringassignment\sdl_game_framework\release\testrunner.obj
f:\uni\year 2\semester 1\software engineering\assignment\sdl_game_framework\boltonuniversitysoftwareengineeringassignment\sdl_game_framework\release\testresults.obj
f:\uni\year 2\semester 1\software engineering\assignment\sdl_game_framework\boltonuniversitysoftwareengineeringassignment\sdl_game_framework\release\main.obj
f:\uni\year 2\semester 1\software engineering\assignment\sdl_game_framework\boltonuniversitysoftwareengineeringassignment\sdl_game_framework\release\game.obj
f:\uni\year 2\semester 1\software engineering\assignment\sdl_game_framework\boltonuniversitysoftwareengineeringassignment\sdl_game_framework\release\enemy.obj
f:\uni\year 2\semester 1\software engineering\assignment\sdl_game_framework\boltonuniversitysoftwareengineeringassignment\sdl_game_framework\release\player.obj
f:\uni\year 2\semester 1\software engineering\assignment\sdl_game_framework\boltonuniversitysoftwareengineeringassignment\sdl_game_framework\release\game_object.obj
f:\uni\year 2\semester 1\software engineering\assignment\sdl_game_framework\boltonuniversitysoftwareengineeringassignment\sdl_game_framework\release\aw_sprite_interface.obj
f:\uni\year 2\semester 1\software engineering\assignment\sdl_game_framework\boltonuniversitysoftwareengineeringassignment\sdl_game_framework\release\transform.obj
f:\uni\year 2\semester 1\software engineering\assignment\sdl_game_framework\boltonuniversitysoftwareengineeringassignment\sdl_game_framework\release\character.obj
f:\uni\year 2\semester 1\software engineering\assignment\sdl_game_framework\boltonuniversitysoftwareengineeringassignment\sdl_game_framework\release\ui.obj
f:\uni\year 2\semester 1\software engineering\assignment\sdl_game_framework\boltonuniversitysoftwareengineeringassignment\sdl_game_framework\release\sword.obj
f:\uni\year 2\semester 1\software engineering\assignment\sdl_game_framework\boltonuniversitysoftwareengineeringassignment\sdl_game_framework\release\sniper.obj
f:\uni\year 2\semester 1\software engineering\assignment\sdl_game_framework\boltonuniversitysoftwareengineeringassignment\sdl_game_framework\release\object.obj
f:\uni\year 2\semester 1\software engineering\assignment\sdl_game_framework\boltonuniversitysoftwareengineeringassignment\sdl_game_framework\release\greataxe.obj
f:\uni\year 2\semester 1\software engineering\assignment\sdl_game_framework\boltonuniversitysoftwareengineeringassignment\sdl_game_framework\release\empowereknuckles.obj
f:\uni\year 2\semester 1\software engineering\assignment\sdl_game_framework\boltonuniversitysoftwareengineeringassignment\sdl_game_framework\release\crossbow.obj
f:\uni\year 2\semester 1\software engineering\assignment\sdl_game_framework\boltonuniversitysoftwareengineeringassignment\sdl_game_framework\release\great_axe.obj
f:\uni\year 2\semester 1\software engineering\assignment\sdl_game_framework\boltonuniversitysoftwareengineeringassignment\sdl_game_framework\release\empowere_knuckles.obj
f:\uni\year 2\semester 1\software engineering\assignment\sdl_game_framework\boltonuniversitysoftwareengineeringassignment\release\sdl_game_framework.exe
f:\uni\year 2\semester 1\software engineering\assignment\sdl_game_framework\boltonuniversitysoftwareengineeringassignment\release\sdl_game_framework.pdb
c:\users\ed\desktop\boltonuniversitysoftwareengineeringassignment\release\sdl_game_framework.exe
c:\users\ed\desktop\boltonuniversitysoftwareengineeringassignment\release\sdl_game_framework.pdb
f:\uni\year 2\semester 1\software engineering\assignment\sdl_game_framework\boltonuniversitysoftwareengineeringassignment\sdl_game_framework\release\awspriteinterface.obj
f:\uni\year 2\semester 1\software engineering\assignment\sdl_game_framework\boltonuniversitysoftwareengineeringassignment\sdl_game_framework\release\endsplash.obj
f:\uni\year 2\semester 1\software engineering\assignment\sdl_game_framework\boltonuniversitysoftwareengineeringassignment\sdl_game_framework\release\initialsplash.obj
f:\uni\year 2\semester 1\software engineering\assignment\sdl_game_framework\boltonuniversitysoftwareengineeringassignment\sdl_game_framework\release\keyboardinput.obj
f:\uni\year 2\semester 1\software engineering\assignment\sdl_game_framework\boltonuniversitysoftwareengineeringassignment\sdl_game_framework\release\mouseinput.obj
f:\uni\year 2\semester 1\software engineering\assignment\sdl_game_framework\boltonuniversitysoftwareengineeringassignment\sdl_game_framework\release\npcbase.obj
f:\uni\year 2\semester 1\software engineering\assignment\sdl_game_framework\boltonuniversitysoftwareengineeringassignment\sdl_game_framework\release\obstacle.obj
f:\uni\year 2\semester 1\software engineering\assignment\sdl_game_framework\boltonuniversitysoftwareengineeringassignment\sdl_game_framework\release\pipes.obj
f:\uni\year 2\semester 1\software engineering\assignment\sdl_game_framework\boltonuniversitysoftwareengineeringassignment\sdl_game_framework\release\splashscreen.obj
f:\uni\year 2\semester 1\software engineering\assignment\sdl_game_framework\boltonuniversitysoftwareengineeringassignment\sdl_game_framework\release\testall.obj
f:\uni\year 2\semester 1\software engineering\assignment\sdl_game_framework\boltonuniversitysoftwareengineeringassignment\sdl_game_framework\release\testplayer.obj
f:\uni\year 2\semester 1\software engineering\assignment\sdl_game_framework\boltonuniversitysoftwareengineeringassignment\sdl_game_framework\release\sdl_game.8e28e0d2.tlog\cl.command.1.tlog
f:\uni\year 2\semester 1\software engineering\assignment\sdl_game_framework\boltonuniversitysoftwareengineeringassignment\sdl_game_framework\release\sdl_game.8e28e0d2.tlog\cl.read.1.tlog
f:\uni\year 2\semester 1\software engineering\assignment\sdl_game_framework\boltonuniversitysoftwareengineeringassignment\sdl_game_framework\release\sdl_game.8e28e0d2.tlog\cl.write.1.tlog
f:\uni\year 2\semester 1\software engineering\assignment\sdl_game_framework\boltonuniversitysoftwareengineeringassignment\sdl_game_framework\release\sdl_game.8e28e0d2.tlog\link.command.1.tlog
f:\uni\year 2\semester 1\software engineering\assignment\sdl_game_framework\boltonuniversitysoftwareengineeringassignment\sdl_game_framework\release\sdl_game.8e28e0d2.tlog\link.read.1.tlog
f:\uni\year 2\semester 1\software engineering\assignment\sdl_game_framework\boltonuniversitysoftwareengineeringassignment\sdl_game_framework\release\sdl_game.8e28e0d2.tlog\link.write.1.tlog
